<?xml version="1.0" encoding="UTF-8"?>
<!-- Generated by org.testng.reporters.JUnitReportReporter -->
<testsuite hostname="11772-MBP15R" name="com.mvn.spiceworks.NetworkingTest" tests="1" failures="0" timestamp="13 Feb 2016 23:16:33 GMT" time="50.977" errors="0">
  <testcase name="networkTabTest" time="50.977" classname="com.mvn.spiceworks.NetworkingTest"/>
</testsuite> <!-- com.mvn.spiceworks.NetworkingTest -->
